{"/home/circleci/repo/src/App.vue": {"path":"/home/circleci/repo/src/App.vue","statementMap":{"0":{"start":{"line":1,"column":1},"end":{"line":38,"column":4}},"1":{"start":{"line":4,"column":0},"end":{"line":6,"column":3}},"2":{"start":{"line":8,"column":16},"end":{"line":8,"column":56}},"3":{"start":{"line":10,"column":16},"end":{"line":10,"column":49}},"4":{"start":{"line":12,"column":12},"end":{"line":12,"column":27}},"5":{"start":{"line":14,"column":39},"end":{"line":14,"column":93}},"6":{"start":{"line":16,"column":0},"end":{"line":19,"column":2}},"7":{"start":{"line":39,"column":0},"end":{"line":39,"column":70}},"8":{"start":{"line":39,"column":31},"end":{"line":39,"column":70}},"9":{"start":{"line":40,"column":24},"end":{"line":40,"column":100}},"10":{"start":{"line":41,"column":0},"end":{"line":41,"column":614}},"11":{"start":{"line":41,"column":54},"end":{"line":41,"column":58}},"12":{"start":{"line":41,"column":66},"end":{"line":41,"column":84}},"13":{"start":{"line":41,"column":92},"end":{"line":41,"column":108}},"14":{"start":{"line":41,"column":109},"end":{"line":41,"column":613}},"15":{"start":{"line":42,"column":0},"end":{"line":42,"column":37}}},"fnMap":{"0":{"name":"(anonymous_0)","decl":{"start":{"line":1,"column":2},"end":{"line":1,"column":3}},"loc":{"start":{"line":1,"column":12},"end":{"line":38,"column":1}},"line":1},"1":{"name":"_interopRequireDefault","decl":{"start":{"line":14,"column":9},"end":{"line":14,"column":31}},"loc":{"start":{"line":14,"column":37},"end":{"line":14,"column":95}},"line":14},"2":{"name":"render","decl":{"start":{"line":41,"column":35},"end":{"line":41,"column":41}},"loc":{"start":{"line":41,"column":45},"end":{"line":41,"column":614}},"line":41}},"branchMap":{"0":{"loc":{"start":{"line":14,"column":46},"end":{"line":14,"column":92}},"type":"cond-expr","locations":[{"start":{"line":14,"column":70},"end":{"line":14,"column":73}},{"start":{"line":14,"column":76},"end":{"line":14,"column":92}}],"line":14},"1":{"loc":{"start":{"line":14,"column":46},"end":{"line":14,"column":67}},"type":"binary-expr","locations":[{"start":{"line":14,"column":46},"end":{"line":14,"column":49}},{"start":{"line":14,"column":53},"end":{"line":14,"column":67}}],"line":14},"2":{"loc":{"start":{"line":39,"column":0},"end":{"line":39,"column":70}},"type":"if","locations":[{"start":{"line":39,"column":0},"end":{"line":39,"column":70}},{"start":{"line":39,"column":0},"end":{"line":39,"column":70}}],"line":39},"3":{"loc":{"start":{"line":40,"column":24},"end":{"line":40,"column":100}},"type":"cond-expr","locations":[{"start":{"line":40,"column":62},"end":{"line":40,"column":84}},{"start":{"line":40,"column":86},"end":{"line":40,"column":100}}],"line":40},"4":{"loc":{"start":{"line":41,"column":92},"end":{"line":41,"column":108}},"type":"binary-expr","locations":[{"start":{"line":41,"column":92},"end":{"line":41,"column":104}},{"start":{"line":41,"column":106},"end":{"line":41,"column":108}}],"line":41}},"s":{"0":0,"1":0,"2":0,"3":0,"4":0,"5":0,"6":0,"7":0,"8":0,"9":0,"10":0,"11":0,"12":0,"13":0,"14":0,"15":0},"f":{"0":0,"1":0,"2":0},"b":{"0":[0,0],"1":[0,0],"2":[0,0],"3":[0,0],"4":[0,0]}}
,"/home/circleci/repo/src/components/Drawing.vue": {"path":"/home/circleci/repo/src/components/Drawing.vue","statementMap":{"0":{"start":{"line":1,"column":1},"end":{"line":34,"column":4}},"1":{"start":{"line":4,"column":0},"end":{"line":6,"column":3}},"2":{"start":{"line":8,"column":16},"end":{"line":8,"column":56}},"3":{"start":{"line":10,"column":16},"end":{"line":10,"column":49}},"4":{"start":{"line":12,"column":12},"end":{"line":12,"column":27}},"5":{"start":{"line":14,"column":39},"end":{"line":14,"column":93}},"6":{"start":{"line":16,"column":0},"end":{"line":23,"column":2}},"7":{"start":{"line":19,"column":6},"end":{"line":19,"column":35}},"8":{"start":{"line":35,"column":0},"end":{"line":35,"column":70}},"9":{"start":{"line":35,"column":31},"end":{"line":35,"column":70}},"10":{"start":{"line":36,"column":24},"end":{"line":36,"column":100}},"11":{"start":{"line":37,"column":0},"end":{"line":37,"column":428}},"12":{"start":{"line":37,"column":54},"end":{"line":37,"column":58}},"13":{"start":{"line":37,"column":66},"end":{"line":37,"column":84}},"14":{"start":{"line":37,"column":92},"end":{"line":37,"column":108}},"15":{"start":{"line":37,"column":109},"end":{"line":37,"column":427}},"16":{"start":{"line":37,"column":336},"end":{"line":37,"column":422}},"17":{"start":{"line":38,"column":0},"end":{"line":38,"column":37}}},"fnMap":{"0":{"name":"(anonymous_0)","decl":{"start":{"line":1,"column":2},"end":{"line":1,"column":3}},"loc":{"start":{"line":1,"column":12},"end":{"line":34,"column":1}},"line":1},"1":{"name":"_interopRequireDefault","decl":{"start":{"line":14,"column":9},"end":{"line":14,"column":31}},"loc":{"start":{"line":14,"column":37},"end":{"line":14,"column":95}},"line":14},"2":{"name":"winners","decl":{"start":{"line":18,"column":22},"end":{"line":18,"column":29}},"loc":{"start":{"line":18,"column":37},"end":{"line":20,"column":5}},"line":18},"3":{"name":"render","decl":{"start":{"line":37,"column":35},"end":{"line":37,"column":41}},"loc":{"start":{"line":37,"column":45},"end":{"line":37,"column":428}},"line":37},"4":{"name":"(anonymous_4)","decl":{"start":{"line":37,"column":319},"end":{"line":37,"column":320}},"loc":{"start":{"line":37,"column":335},"end":{"line":37,"column":423}},"line":37}},"branchMap":{"0":{"loc":{"start":{"line":14,"column":46},"end":{"line":14,"column":92}},"type":"cond-expr","locations":[{"start":{"line":14,"column":70},"end":{"line":14,"column":73}},{"start":{"line":14,"column":76},"end":{"line":14,"column":92}}],"line":14},"1":{"loc":{"start":{"line":14,"column":46},"end":{"line":14,"column":67}},"type":"binary-expr","locations":[{"start":{"line":14,"column":46},"end":{"line":14,"column":49}},{"start":{"line":14,"column":53},"end":{"line":14,"column":67}}],"line":14},"2":{"loc":{"start":{"line":35,"column":0},"end":{"line":35,"column":70}},"type":"if","locations":[{"start":{"line":35,"column":0},"end":{"line":35,"column":70}},{"start":{"line":35,"column":0},"end":{"line":35,"column":70}}],"line":35},"3":{"loc":{"start":{"line":36,"column":24},"end":{"line":36,"column":100}},"type":"cond-expr","locations":[{"start":{"line":36,"column":62},"end":{"line":36,"column":84}},{"start":{"line":36,"column":86},"end":{"line":36,"column":100}}],"line":36},"4":{"loc":{"start":{"line":37,"column":92},"end":{"line":37,"column":108}},"type":"binary-expr","locations":[{"start":{"line":37,"column":92},"end":{"line":37,"column":104}},{"start":{"line":37,"column":106},"end":{"line":37,"column":108}}],"line":37}},"s":{"0":0,"1":0,"2":0,"3":0,"4":0,"5":0,"6":0,"7":0,"8":0,"9":0,"10":0,"11":0,"12":0,"13":0,"14":0,"15":0,"16":0,"17":0},"f":{"0":0,"1":0,"2":0,"3":0,"4":0},"b":{"0":[0,0],"1":[0,0],"2":[0,0],"3":[0,0],"4":[0,0]}}
,"/home/circleci/repo/src/components/Participants.vue": {"path":"/home/circleci/repo/src/components/Participants.vue","statementMap":{"0":{"start":{"line":57,"column":0},"end":{"line":null,"column":-1}},"1":{"start":{"line":62,"column":0},"end":{"line":null,"column":-1}},"2":{"start":{"line":63,"column":0},"end":{"line":null,"column":-1}},"3":{"start":{"line":72,"column":0},"end":{"line":null,"column":-1}}},"fnMap":{"0":{"name":"participants","decl":{"start":{"line":62,"column":0},"end":{"line":null,"column":-1}},"loc":{"start":{"line":62,"column":0},"end":{"line":null,"column":-1}}},"1":{"name":"form","decl":{"start":{"line":63,"column":0},"end":{"line":null,"column":-1}},"loc":{"start":{"line":63,"column":0},"end":{"line":null,"column":-1}}},"2":{"name":"editForm","decl":{"start":{"line":71,"column":0},"end":{"line":null,"column":-1}},"loc":{"start":{"line":71,"column":0},"end":{"line":76,"column":0}}}},"branchMap":{},"s":{"0":1,"1":0,"2":0,"3":0},"f":{"0":0,"1":0,"2":0},"b":{}}
,"/home/circleci/repo/src/store/actions.js": {"path":"/home/circleci/repo/src/store/actions.js","statementMap":{"0":{"start":{"line":1,"column":13},"end":{"line":1,"column":75}},"1":{"start":{"line":1,"column":75},"end":{"line":1,"column":101}},"2":{"start":{"line":1,"column":122},"end":{"line":1,"column":149}},"3":{"start":{"line":2,"column":14},"end":{"line":2,"column":34}},"4":{"start":{"line":2,"column":50},"end":{"line":2,"column":81}},"5":{"start":{"line":2,"column":120},"end":{"line":2,"column":174}},"6":{"start":{"line":4,"column":12},"end":{"line":7,"column":1}},"7":{"start":{"line":4,"column":63},"end":{"line":4,"column":74}},"8":{"start":{"line":5,"column":2},"end":{"line":5,"column":40}},"9":{"start":{"line":6,"column":2},"end":{"line":6,"column":31}}},"fnMap":{"0":{"name":"_interopRequireDefault","decl":{"start":{"line":2,"column":91},"end":{"line":2,"column":113}},"loc":{"start":{"line":2,"column":119},"end":{"line":2,"column":175}},"line":2},"1":{"name":"reset","decl":{"start":{"line":4,"column":37},"end":{"line":4,"column":42}},"loc":{"start":{"line":4,"column":49},"end":{"line":7,"column":1}},"line":4}},"branchMap":{"0":{"loc":{"start":{"line":2,"column":127},"end":{"line":2,"column":173}},"type":"cond-expr","locations":[{"start":{"line":2,"column":151},"end":{"line":2,"column":154}},{"start":{"line":2,"column":157},"end":{"line":2,"column":173}}],"line":2},"1":{"loc":{"start":{"line":2,"column":127},"end":{"line":2,"column":148}},"type":"binary-expr","locations":[{"start":{"line":2,"column":127},"end":{"line":2,"column":130}},{"start":{"line":2,"column":134},"end":{"line":2,"column":148}}],"line":2}},"s":{"0":0,"1":0,"2":0,"3":0,"4":0,"5":0,"6":0,"7":0,"8":0,"9":0},"f":{"0":0,"1":0},"b":{"0":[0,0],"1":[0,0]}}
,"/home/circleci/repo/src/store/index.js": {"path":"/home/circleci/repo/src/store/index.js","statementMap":{"0":{"start":{"line":1,"column":13},"end":{"line":1,"column":75}},"1":{"start":{"line":1,"column":86},"end":{"line":1,"column":100}},"2":{"start":{"line":1,"column":113},"end":{"line":1,"column":141}},"3":{"start":{"line":2,"column":12},"end":{"line":2,"column":27}},"4":{"start":{"line":2,"column":41},"end":{"line":2,"column":70}},"5":{"start":{"line":3,"column":26},"end":{"line":3,"column":56}},"6":{"start":{"line":3,"column":84},"end":{"line":3,"column":127}},"7":{"start":{"line":4,"column":15},"end":{"line":4,"column":35}},"8":{"start":{"line":4,"column":50},"end":{"line":4,"column":83}},"9":{"start":{"line":5,"column":15},"end":{"line":5,"column":35}},"10":{"start":{"line":5,"column":52},"end":{"line":5,"column":84}},"11":{"start":{"line":5,"column":124},"end":{"line":5,"column":340}},"12":{"start":{"line":5,"column":152},"end":{"line":5,"column":163}},"13":{"start":{"line":5,"column":184},"end":{"line":5,"column":186}},"14":{"start":{"line":5,"column":187},"end":{"line":5,"column":304}},"15":{"start":{"line":5,"column":205},"end":{"line":5,"column":303}},"16":{"start":{"line":5,"column":227},"end":{"line":5,"column":302}},"17":{"start":{"line":5,"column":279},"end":{"line":5,"column":302}},"18":{"start":{"line":5,"column":304},"end":{"line":5,"column":325}},"19":{"start":{"line":5,"column":325},"end":{"line":5,"column":339}},"20":{"start":{"line":5,"column":379},"end":{"line":5,"column":433}},"21":{"start":{"line":7,"column":0},"end":{"line":7,"column":34}},"22":{"start":{"line":9,"column":12},"end":{"line":12,"column":31}},"23":{"start":{"line":26,"column":0},"end":{"line":27,"column":6}}},"fnMap":{"0":{"name":"_interopRequireWildcard","decl":{"start":{"line":5,"column":94},"end":{"line":5,"column":117}},"loc":{"start":{"line":5,"column":123},"end":{"line":5,"column":341}},"line":5},"1":{"name":"_interopRequireDefault","decl":{"start":{"line":5,"column":350},"end":{"line":5,"column":372}},"loc":{"start":{"line":5,"column":378},"end":{"line":5,"column":434}},"line":5}},"branchMap":{"0":{"loc":{"start":{"line":5,"column":124},"end":{"line":5,"column":340}},"type":"if","locations":[{"start":{"line":5,"column":124},"end":{"line":5,"column":340}},{"start":{"line":5,"column":124},"end":{"line":5,"column":340}}],"line":5},"1":{"loc":{"start":{"line":5,"column":128},"end":{"line":5,"column":149}},"type":"binary-expr","locations":[{"start":{"line":5,"column":128},"end":{"line":5,"column":131}},{"start":{"line":5,"column":135},"end":{"line":5,"column":149}}],"line":5},"2":{"loc":{"start":{"line":5,"column":187},"end":{"line":5,"column":304}},"type":"if","locations":[{"start":{"line":5,"column":187},"end":{"line":5,"column":304}},{"start":{"line":5,"column":187},"end":{"line":5,"column":304}}],"line":5},"3":{"loc":{"start":{"line":5,"column":227},"end":{"line":5,"column":302}},"type":"if","locations":[{"start":{"line":5,"column":227},"end":{"line":5,"column":302}},{"start":{"line":5,"column":227},"end":{"line":5,"column":302}}],"line":5},"4":{"loc":{"start":{"line":5,"column":386},"end":{"line":5,"column":432}},"type":"cond-expr","locations":[{"start":{"line":5,"column":410},"end":{"line":5,"column":413}},{"start":{"line":5,"column":416},"end":{"line":5,"column":432}}],"line":5},"5":{"loc":{"start":{"line":5,"column":386},"end":{"line":5,"column":407}},"type":"binary-expr","locations":[{"start":{"line":5,"column":386},"end":{"line":5,"column":389}},{"start":{"line":5,"column":393},"end":{"line":5,"column":407}}],"line":5}},"s":{"0":0,"1":0,"2":0,"3":0,"4":0,"5":0,"6":0,"7":0,"8":0,"9":0,"10":0,"11":0,"12":0,"13":0,"14":0,"15":0,"16":0,"17":0,"18":0,"19":0,"20":0,"21":0,"22":0,"23":0},"f":{"0":0,"1":0},"b":{"0":[0,0],"1":[0,0],"2":[0,0],"3":[0,0],"4":[0,0],"5":[0,0]}}
,"/home/circleci/repo/src/store/mutation-types.js": {"path":"/home/circleci/repo/src/store/mutation-types.js","statementMap":{"0":{"start":{"line":1,"column":13},"end":{"line":1,"column":75}},"1":{"start":{"line":1,"column":97},"end":{"line":1,"column":140}},"2":{"start":{"line":2,"column":16},"end":{"line":2,"column":47}},"3":{"start":{"line":3,"column":17},"end":{"line":3,"column":50}},"4":{"start":{"line":4,"column":25},"end":{"line":4,"column":74}},"5":{"start":{"line":5,"column":17},"end":{"line":5,"column":50}},"6":{"start":{"line":6,"column":39},"end":{"line":6,"column":116}},"7":{"start":{"line":7,"column":12},"end":{"line":7,"column":35}}},"fnMap":{},"branchMap":{},"s":{"0":0,"1":0,"2":0,"3":0,"4":0,"5":0,"6":0,"7":0},"f":{},"b":{}}
,"/home/circleci/repo/src/store/modules/drawing.js": {"path":"/home/circleci/repo/src/store/modules/drawing.js","statementMap":{"0":{"start":{"line":1,"column":13},"end":{"line":1,"column":75}},"1":{"start":{"line":1,"column":98},"end":{"line":1,"column":145}},"2":{"start":{"line":1,"column":169},"end":{"line":1,"column":209}},"3":{"start":{"line":1,"column":222},"end":{"line":1,"column":266}},"4":{"start":{"line":1,"column":280},"end":{"line":1,"column":309}},"5":{"start":{"line":1,"column":326},"end":{"line":1,"column":366}},"6":{"start":{"line":1,"column":383},"end":{"line":1,"column":416}},"7":{"start":{"line":1,"column":453},"end":{"line":1,"column":481}},"8":{"start":{"line":1,"column":494},"end":{"line":1,"column":533}},"9":{"start":{"line":2,"column":12},"end":{"line":2,"column":39}},"10":{"start":{"line":2,"column":53},"end":{"line":2,"column":82}},"11":{"start":{"line":3,"column":19},"end":{"line":3,"column":52}},"12":{"start":{"line":3,"column":72},"end":{"line":3,"column":108}},"13":{"start":{"line":3,"column":148},"end":{"line":3,"column":364}},"14":{"start":{"line":3,"column":176},"end":{"line":3,"column":187}},"15":{"start":{"line":3,"column":208},"end":{"line":3,"column":210}},"16":{"start":{"line":3,"column":211},"end":{"line":3,"column":328}},"17":{"start":{"line":3,"column":229},"end":{"line":3,"column":327}},"18":{"start":{"line":3,"column":251},"end":{"line":3,"column":326}},"19":{"start":{"line":3,"column":303},"end":{"line":3,"column":326}},"20":{"start":{"line":3,"column":328},"end":{"line":3,"column":349}},"21":{"start":{"line":3,"column":349},"end":{"line":3,"column":363}},"22":{"start":{"line":3,"column":403},"end":{"line":3,"column":457}},"23":{"start":{"line":5,"column":19},"end":{"line":6,"column":19}},"24":{"start":{"line":5,"column":44},"end":{"line":6,"column":18}},"25":{"start":{"line":10,"column":14},"end":{"line":10,"column":16}},"26":{"start":{"line":13,"column":14},"end":{"line":22,"column":5}},"27":{"start":{"line":14,"column":54},"end":{"line":14,"column":65}},"28":{"start":{"line":14,"column":78},"end":{"line":14,"column":92}},"29":{"start":{"line":15,"column":23},"end":{"line":15,"column":58}},"30":{"start":{"line":16,"column":29},"end":{"line":16,"column":68}},"31":{"start":{"line":17,"column":4},"end":{"line":21,"column":5}},"32":{"start":{"line":18,"column":19},"end":{"line":18,"column":96}},"33":{"start":{"line":19,"column":6},"end":{"line":19,"column":51}},"34":{"start":{"line":20,"column":6},"end":{"line":20,"column":100}},"35":{"start":{"line":26,"column":17},"end":{"line":33,"column":14}},"36":{"start":{"line":27,"column":56},"end":{"line":27,"column":68}},"37":{"start":{"line":28,"column":2},"end":{"line":28,"column":32}},"38":{"start":{"line":31,"column":21},"end":{"line":31,"column":35}},"39":{"start":{"line":32,"column":2},"end":{"line":32,"column":94}},"40":{"start":{"line":32,"column":60},"end":{"line":32,"column":91}},"41":{"start":{"line":33,"column":16},"end":{"line":40,"column":25}}},"fnMap":{"0":{"name":"_interopRequireWildcard","decl":{"start":{"line":3,"column":118},"end":{"line":3,"column":141}},"loc":{"start":{"line":3,"column":147},"end":{"line":3,"column":365}},"line":3},"1":{"name":"_interopRequireDefault","decl":{"start":{"line":3,"column":374},"end":{"line":3,"column":396}},"loc":{"start":{"line":3,"column":402},"end":{"line":3,"column":458}},"line":3},"2":{"name":"defaultState","decl":{"start":{"line":5,"column":28},"end":{"line":5,"column":40}},"loc":{"start":{"line":5,"column":43},"end":{"line":6,"column":19}},"line":5},"3":{"name":"drawWinner","decl":{"start":{"line":14,"column":23},"end":{"line":14,"column":33}},"loc":{"start":{"line":14,"column":40},"end":{"line":22,"column":3}},"line":14},"4":{"name":"(anonymous_4)","decl":{"start":{"line":27,"column":18},"end":{"line":27,"column":19}},"loc":{"start":{"line":27,"column":42},"end":{"line":29,"column":1}},"line":27},"5":{"name":"(anonymous_5)","decl":{"start":{"line":30,"column":13},"end":{"line":30,"column":14}},"loc":{"start":{"line":30,"column":30},"end":{"line":33,"column":1}},"line":30},"6":{"name":"(anonymous_6)","decl":{"start":{"line":32,"column":44},"end":{"line":32,"column":45}},"loc":{"start":{"line":32,"column":59},"end":{"line":32,"column":92}},"line":32}},"branchMap":{"0":{"loc":{"start":{"line":3,"column":148},"end":{"line":3,"column":364}},"type":"if","locations":[{"start":{"line":3,"column":148},"end":{"line":3,"column":364}},{"start":{"line":3,"column":148},"end":{"line":3,"column":364}}],"line":3},"1":{"loc":{"start":{"line":3,"column":152},"end":{"line":3,"column":173}},"type":"binary-expr","locations":[{"start":{"line":3,"column":152},"end":{"line":3,"column":155}},{"start":{"line":3,"column":159},"end":{"line":3,"column":173}}],"line":3},"2":{"loc":{"start":{"line":3,"column":211},"end":{"line":3,"column":328}},"type":"if","locations":[{"start":{"line":3,"column":211},"end":{"line":3,"column":328}},{"start":{"line":3,"column":211},"end":{"line":3,"column":328}}],"line":3},"3":{"loc":{"start":{"line":3,"column":251},"end":{"line":3,"column":326}},"type":"if","locations":[{"start":{"line":3,"column":251},"end":{"line":3,"column":326}},{"start":{"line":3,"column":251},"end":{"line":3,"column":326}}],"line":3},"4":{"loc":{"start":{"line":3,"column":410},"end":{"line":3,"column":456}},"type":"cond-expr","locations":[{"start":{"line":3,"column":434},"end":{"line":3,"column":437}},{"start":{"line":3,"column":440},"end":{"line":3,"column":456}}],"line":3},"5":{"loc":{"start":{"line":3,"column":410},"end":{"line":3,"column":431}},"type":"binary-expr","locations":[{"start":{"line":3,"column":410},"end":{"line":3,"column":413}},{"start":{"line":3,"column":417},"end":{"line":3,"column":431}}],"line":3},"6":{"loc":{"start":{"line":17,"column":4},"end":{"line":21,"column":5}},"type":"if","locations":[{"start":{"line":17,"column":4},"end":{"line":21,"column":5}},{"start":{"line":17,"column":4},"end":{"line":21,"column":5}}],"line":17}},"s":{"0":0,"1":0,"2":0,"3":0,"4":0,"5":0,"6":0,"7":0,"8":0,"9":0,"10":0,"11":0,"12":0,"13":0,"14":0,"15":0,"16":0,"17":0,"18":0,"19":0,"20":0,"21":0,"22":0,"23":0,"24":0,"25":0,"26":0,"27":0,"28":0,"29":0,"30":0,"31":0,"32":0,"33":0,"34":0,"35":0,"36":0,"37":0,"38":0,"39":0,"40":0,"41":0},"f":{"0":0,"1":0,"2":0,"3":0,"4":0,"5":0,"6":0},"b":{"0":[0,0],"1":[0,0],"2":[0,0],"3":[0,0],"4":[0,0],"5":[0,0],"6":[0,0]}}
,"/home/circleci/repo/src/store/modules/index.js": {"path":"/home/circleci/repo/src/store/modules/index.js","statementMap":{"0":{"start":{"line":1,"column":13},"end":{"line":1,"column":75}},"1":{"start":{"line":1,"column":95},"end":{"line":1,"column":120}},"2":{"start":{"line":1,"column":142},"end":{"line":1,"column":179}},"3":{"start":{"line":2,"column":15},"end":{"line":2,"column":35}},"4":{"start":{"line":2,"column":52},"end":{"line":2,"column":84}},"5":{"start":{"line":2,"column":123},"end":{"line":2,"column":177}},"6":{"start":{"line":2,"column":178},"end":{"line":6,"column":31}}},"fnMap":{"0":{"name":"_interopRequireDefault","decl":{"start":{"line":2,"column":94},"end":{"line":2,"column":116}},"loc":{"start":{"line":2,"column":122},"end":{"line":2,"column":178}},"line":2}},"branchMap":{"0":{"loc":{"start":{"line":2,"column":130},"end":{"line":2,"column":176}},"type":"cond-expr","locations":[{"start":{"line":2,"column":154},"end":{"line":2,"column":157}},{"start":{"line":2,"column":160},"end":{"line":2,"column":176}}],"line":2},"1":{"loc":{"start":{"line":2,"column":130},"end":{"line":2,"column":151}},"type":"binary-expr","locations":[{"start":{"line":2,"column":130},"end":{"line":2,"column":133}},{"start":{"line":2,"column":137},"end":{"line":2,"column":151}}],"line":2}},"s":{"0":0,"1":0,"2":0,"3":0,"4":0,"5":0,"6":0},"f":{"0":0},"b":{"0":[0,0],"1":[0,0]}}
,"/home/circleci/repo/src/store/modules/participants.js": {"path":"/home/circleci/repo/src/store/modules/participants.js","statementMap":{"0":{"start":{"line":1,"column":13},"end":{"line":1,"column":75}},"1":{"start":{"line":1,"column":98},"end":{"line":1,"column":145}},"2":{"start":{"line":1,"column":169},"end":{"line":1,"column":209}},"3":{"start":{"line":1,"column":222},"end":{"line":1,"column":266}},"4":{"start":{"line":1,"column":280},"end":{"line":1,"column":309}},"5":{"start":{"line":1,"column":326},"end":{"line":1,"column":366}},"6":{"start":{"line":1,"column":383},"end":{"line":1,"column":416}},"7":{"start":{"line":1,"column":453},"end":{"line":1,"column":481}},"8":{"start":{"line":1,"column":494},"end":{"line":1,"column":533}},"9":{"start":{"line":2,"column":12},"end":{"line":2,"column":39}},"10":{"start":{"line":2,"column":53},"end":{"line":2,"column":82}},"11":{"start":{"line":2,"column":122},"end":{"line":2,"column":338}},"12":{"start":{"line":2,"column":150},"end":{"line":2,"column":161}},"13":{"start":{"line":2,"column":182},"end":{"line":2,"column":184}},"14":{"start":{"line":2,"column":185},"end":{"line":2,"column":302}},"15":{"start":{"line":2,"column":203},"end":{"line":2,"column":301}},"16":{"start":{"line":2,"column":225},"end":{"line":2,"column":300}},"17":{"start":{"line":2,"column":277},"end":{"line":2,"column":300}},"18":{"start":{"line":2,"column":302},"end":{"line":2,"column":323}},"19":{"start":{"line":2,"column":323},"end":{"line":2,"column":337}},"20":{"start":{"line":2,"column":377},"end":{"line":2,"column":431}},"21":{"start":{"line":4,"column":19},"end":{"line":11,"column":38}},"22":{"start":{"line":4,"column":44},"end":{"line":11,"column":37}},"23":{"start":{"line":17,"column":14},"end":{"line":17,"column":16}},"24":{"start":{"line":21,"column":14},"end":{"line":41,"column":5}},"25":{"start":{"line":22,"column":65},"end":{"line":22,"column":76}},"26":{"start":{"line":22,"column":85},"end":{"line":22,"column":95}},"27":{"start":{"line":23,"column":4},"end":{"line":34,"column":5}},"28":{"start":{"line":24,"column":6},"end":{"line":24,"column":36}},"29":{"start":{"line":26,"column":6},"end":{"line":26,"column":26}},"30":{"start":{"line":28,"column":6},"end":{"line":30,"column":7}},"31":{"start":{"line":29,"column":8},"end":{"line":29,"column":50}},"32":{"start":{"line":31,"column":6},"end":{"line":33,"column":7}},"33":{"start":{"line":32,"column":8},"end":{"line":32,"column":61}},"34":{"start":{"line":36,"column":58},"end":{"line":36,"column":70}},"35":{"start":{"line":36,"column":81},"end":{"line":36,"column":90}},"36":{"start":{"line":36,"column":99},"end":{"line":36,"column":110}},"37":{"start":{"line":37,"column":4},"end":{"line":37,"column":56}},"38":{"start":{"line":39,"column":76},"end":{"line":39,"column":88}},"39":{"start":{"line":39,"column":98},"end":{"line":39,"column":106}},"40":{"start":{"line":40,"column":4},"end":{"line":40,"column":49}},"41":{"start":{"line":45,"column":17},"end":{"line":72,"column":14}},"42":{"start":{"line":47,"column":24},"end":{"line":47,"column":64}},"43":{"start":{"line":48,"column":20},"end":{"line":48,"column":106}},"44":{"start":{"line":49,"column":2},"end":{"line":49,"column":35}},"45":{"start":{"line":50,"column":2},"end":{"line":50,"column":39}},"46":{"start":{"line":52,"column":52},"end":{"line":52,"column":61}},"47":{"start":{"line":52,"column":70},"end":{"line":52,"column":81}},"48":{"start":{"line":53,"column":2},"end":{"line":53,"column":26}},"49":{"start":{"line":55,"column":60},"end":{"line":55,"column":68}},"50":{"start":{"line":56,"column":2},"end":{"line":56,"column":85}},"51":{"start":{"line":56,"column":63},"end":{"line":56,"column":82}},"52":{"start":{"line":58,"column":74},"end":{"line":58,"column":82}},"53":{"start":{"line":59,"column":2},"end":{"line":64,"column":5}},"54":{"start":{"line":60,"column":4},"end":{"line":62,"column":5}},"55":{"start":{"line":61,"column":6},"end":{"line":61,"column":25}},"56":{"start":{"line":63,"column":4},"end":{"line":63,"column":105}},"57":{"start":{"line":66,"column":53},"end":{"line":66,"column":62}},"58":{"start":{"line":67,"column":2},"end":{"line":67,"column":32}},"59":{"start":{"line":70,"column":21},"end":{"line":70,"column":35}},"60":{"start":{"line":71,"column":2},"end":{"line":71,"column":94}},"61":{"start":{"line":71,"column":60},"end":{"line":71,"column":91}},"62":{"start":{"line":72,"column":16},"end":{"line":79,"column":25}}},"fnMap":{"0":{"name":"_interopRequireWildcard","decl":{"start":{"line":2,"column":92},"end":{"line":2,"column":115}},"loc":{"start":{"line":2,"column":121},"end":{"line":2,"column":339}},"line":2},"1":{"name":"_interopRequireDefault","decl":{"start":{"line":2,"column":348},"end":{"line":2,"column":370}},"loc":{"start":{"line":2,"column":376},"end":{"line":2,"column":432}},"line":2},"2":{"name":"defaultState","decl":{"start":{"line":4,"column":28},"end":{"line":4,"column":40}},"loc":{"start":{"line":4,"column":43},"end":{"line":11,"column":38}},"line":4},"3":{"name":"addParticipant","decl":{"start":{"line":22,"column":27},"end":{"line":22,"column":41}},"loc":{"start":{"line":22,"column":51},"end":{"line":35,"column":3}},"line":22},"4":{"name":"editForm","decl":{"start":{"line":36,"column":21},"end":{"line":36,"column":29}},"loc":{"start":{"line":36,"column":44},"end":{"line":38,"column":3}},"line":36},"5":{"name":"removeParticipant","decl":{"start":{"line":39,"column":30},"end":{"line":39,"column":47}},"loc":{"start":{"line":39,"column":62},"end":{"line":41,"column":3}},"line":39},"6":{"name":"(anonymous_6)","decl":{"start":{"line":46,"column":23},"end":{"line":46,"column":24}},"loc":{"start":{"line":46,"column":40},"end":{"line":51,"column":1}},"line":46},"7":{"name":"(anonymous_7)","decl":{"start":{"line":52,"column":17},"end":{"line":52,"column":18}},"loc":{"start":{"line":52,"column":41},"end":{"line":54,"column":1}},"line":52},"8":{"name":"(anonymous_8)","decl":{"start":{"line":55,"column":26},"end":{"line":55,"column":27}},"loc":{"start":{"line":55,"column":50},"end":{"line":57,"column":1}},"line":55},"9":{"name":"(anonymous_9)","decl":{"start":{"line":56,"column":49},"end":{"line":56,"column":50}},"loc":{"start":{"line":56,"column":62},"end":{"line":56,"column":83}},"line":56},"10":{"name":"(anonymous_10)","decl":{"start":{"line":58,"column":40},"end":{"line":58,"column":41}},"loc":{"start":{"line":58,"column":64},"end":{"line":65,"column":1}},"line":58},"11":{"name":"(anonymous_11)","decl":{"start":{"line":59,"column":46},"end":{"line":59,"column":47}},"loc":{"start":{"line":59,"column":69},"end":{"line":64,"column":3}},"line":59},"12":{"name":"(anonymous_12)","decl":{"start":{"line":66,"column":18},"end":{"line":66,"column":19}},"loc":{"start":{"line":66,"column":42},"end":{"line":68,"column":1}},"line":66},"13":{"name":"(anonymous_13)","decl":{"start":{"line":69,"column":13},"end":{"line":69,"column":14}},"loc":{"start":{"line":69,"column":30},"end":{"line":72,"column":1}},"line":69},"14":{"name":"(anonymous_14)","decl":{"start":{"line":71,"column":44},"end":{"line":71,"column":45}},"loc":{"start":{"line":71,"column":59},"end":{"line":71,"column":92}},"line":71}},"branchMap":{"0":{"loc":{"start":{"line":2,"column":122},"end":{"line":2,"column":338}},"type":"if","locations":[{"start":{"line":2,"column":122},"end":{"line":2,"column":338}},{"start":{"line":2,"column":122},"end":{"line":2,"column":338}}],"line":2},"1":{"loc":{"start":{"line":2,"column":126},"end":{"line":2,"column":147}},"type":"binary-expr","locations":[{"start":{"line":2,"column":126},"end":{"line":2,"column":129}},{"start":{"line":2,"column":133},"end":{"line":2,"column":147}}],"line":2},"2":{"loc":{"start":{"line":2,"column":185},"end":{"line":2,"column":302}},"type":"if","locations":[{"start":{"line":2,"column":185},"end":{"line":2,"column":302}},{"start":{"line":2,"column":185},"end":{"line":2,"column":302}}],"line":2},"3":{"loc":{"start":{"line":2,"column":225},"end":{"line":2,"column":300}},"type":"if","locations":[{"start":{"line":2,"column":225},"end":{"line":2,"column":300}},{"start":{"line":2,"column":225},"end":{"line":2,"column":300}}],"line":2},"4":{"loc":{"start":{"line":2,"column":384},"end":{"line":2,"column":430}},"type":"cond-expr","locations":[{"start":{"line":2,"column":408},"end":{"line":2,"column":411}},{"start":{"line":2,"column":414},"end":{"line":2,"column":430}}],"line":2},"5":{"loc":{"start":{"line":2,"column":384},"end":{"line":2,"column":405}},"type":"binary-expr","locations":[{"start":{"line":2,"column":384},"end":{"line":2,"column":387}},{"start":{"line":2,"column":391},"end":{"line":2,"column":405}}],"line":2},"6":{"loc":{"start":{"line":23,"column":4},"end":{"line":34,"column":5}},"type":"if","locations":[{"start":{"line":23,"column":4},"end":{"line":34,"column":5}},{"start":{"line":23,"column":4},"end":{"line":34,"column":5}}],"line":23},"7":{"loc":{"start":{"line":23,"column":8},"end":{"line":23,"column":53}},"type":"binary-expr","locations":[{"start":{"line":23,"column":8},"end":{"line":23,"column":23}},{"start":{"line":23,"column":27},"end":{"line":23,"column":53}}],"line":23},"8":{"loc":{"start":{"line":28,"column":6},"end":{"line":30,"column":7}},"type":"if","locations":[{"start":{"line":28,"column":6},"end":{"line":30,"column":7}},{"start":{"line":28,"column":6},"end":{"line":30,"column":7}}],"line":28},"9":{"loc":{"start":{"line":31,"column":6},"end":{"line":33,"column":7}},"type":"if","locations":[{"start":{"line":31,"column":6},"end":{"line":33,"column":7}},{"start":{"line":31,"column":6},"end":{"line":33,"column":7}}],"line":31},"10":{"loc":{"start":{"line":60,"column":4},"end":{"line":62,"column":5}},"type":"if","locations":[{"start":{"line":60,"column":4},"end":{"line":62,"column":5}},{"start":{"line":60,"column":4},"end":{"line":62,"column":5}}],"line":60}},"s":{"0":0,"1":0,"2":0,"3":0,"4":0,"5":0,"6":0,"7":0,"8":0,"9":0,"10":0,"11":0,"12":0,"13":0,"14":0,"15":0,"16":0,"17":0,"18":0,"19":0,"20":0,"21":0,"22":0,"23":0,"24":0,"25":0,"26":0,"27":0,"28":0,"29":0,"30":0,"31":0,"32":0,"33":0,"34":0,"35":0,"36":0,"37":0,"38":0,"39":0,"40":0,"41":0,"42":0,"43":0,"44":0,"45":0,"46":0,"47":0,"48":0,"49":0,"50":0,"51":0,"52":0,"53":0,"54":0,"55":0,"56":0,"57":0,"58":0,"59":0,"60":0,"61":0,"62":0},"f":{"0":0,"1":0,"2":0,"3":0,"4":0,"5":0,"6":0,"7":0,"8":0,"9":0,"10":0,"11":0,"12":0,"13":0,"14":0},"b":{"0":[0,0],"1":[0,0],"2":[0,0],"3":[0,0],"4":[0,0],"5":[0,0],"6":[0,0],"7":[0,0],"8":[0,0],"9":[0,0],"10":[0,0]}}
,"/home/circleci/repo/src/utils/drawWinner.js": {"path":"/home/circleci/repo/src/utils/drawWinner.js","statementMap":{"0":{"start":{"line":2,"column":2},"end":{"line":4,"column":22}},"1":{"start":{"line":3,"column":9},"end":{"line":3,"column":24}},"2":{"start":{"line":4,"column":16},"end":{"line":4,"column":22}},"3":{"start":{"line":8,"column":8},"end":{"line":8,"column":21}},"4":{"start":{"line":9,"column":8},"end":{"line":9,"column":19}},"5":{"start":{"line":10,"column":2},"end":{"line":10,"column":1}}},"fnMap":{"0":{"name":"(anonymous_1)","decl":{"start":{"line":3,"column":9},"end":{"line":3,"column":23}},"loc":{"start":{"line":3,"column":9},"end":{"line":3,"column":24}}},"1":{"name":"(anonymous_2)","decl":{"start":{"line":4,"column":12},"end":{"line":4,"column":12}},"loc":{"start":{"line":4,"column":16},"end":{"line":4,"column":22}}}},"branchMap":{},"s":{"0":3,"1":4,"2":1,"3":3,"4":3,"5":3},"f":{"0":4,"1":1},"b":{}}
,"/home/circleci/repo/src/utils/guid.js": {"path":"/home/circleci/repo/src/utils/guid.js","statementMap":{"0":{"start":{"line":1,"column":13},"end":{"line":1,"column":75}},"1":{"start":{"line":1,"column":75},"end":{"line":1,"column":98}},"2":{"start":{"line":3,"column":4},"end":{"line":5,"column":17}},"3":{"start":{"line":8,"column":2},"end":{"line":9,"column":34}}},"fnMap":{"0":{"name":"guid","decl":{"start":{"line":1,"column":107},"end":{"line":1,"column":111}},"loc":{"start":{"line":1,"column":114},"end":{"line":10,"column":1}},"line":1},"1":{"name":"s4","decl":{"start":{"line":2,"column":11},"end":{"line":2,"column":13}},"loc":{"start":{"line":2,"column":16},"end":{"line":6,"column":3}},"line":2}},"branchMap":{},"s":{"0":0,"1":0,"2":0,"3":0},"f":{"0":0,"1":0},"b":{}}
}
